Построение начато 06.06.2017 12:00:25.
     1>Проект "d:\Рабочая\Универ\УП\task 5\task 5\task 5.vcxproj" в узле 2 (целевые объекты build).
     1>PrepareForBuild:
         Создание каталога "D:\Рабочая\Универ\УП\task 5\Release\".
       InitializeBuildStatus:
         Создание "Release\task 5.unsuccessfulbuild", так как было задано "AlwaysCreate".
       ClCompile:
         C:\Program Files (x86)\Microsoft Visual Studio 10.0\VC\bin\CL.exe /c /Zi /nologo /W3 /WX- /O2 /Oi /Oy- /GL /D WIN32 /D NDEBUG /D _WINDOWS /D _UNICODE /D UNICODE /Gm- /EHsc /MD /GS /Gy /fp:precise /Zc:wchar_t /Zc:forScope /Fo"Release\\" /Fd"Release\vc100.pdb" /Gd /TP /analyze- /errorReport:prompt main.cpp
         main.cpp
       ResourceCompile:
         C:\Program Files (x86)\Microsoft SDKs\Windows\v7.0A\bin\rc.exe /D _UNICODE /D UNICODE /l"0x0409" /nologo /fo"Release\recorces.res" recorces.rc 
       Link:
         C:\Program Files (x86)\Microsoft Visual Studio 10.0\VC\bin\link.exe /ERRORREPORT:PROMPT /OUT:"D:\Рабочая\Универ\УП\task 5\Release\task 5.exe" /INCREMENTAL:NO /NOLOGO kernel32.lib user32.lib gdi32.lib winspool.lib comdlg32.lib advapi32.lib shell32.lib ole32.lib oleaut32.lib uuid.lib odbc32.lib odbccp32.lib /MANIFEST /ManifestFile:"Release\task 5.exe.intermediate.manifest" /MANIFESTUAC:"level='asInvoker' uiAccess='false'" /DEBUG /PDB:"D:\Рабочая\Универ\УП\task 5\Release\task 5.pdb" /SUBSYSTEM:WINDOWS /OPT:REF /OPT:ICF /LTCG /TLBID:1 /DYNAMICBASE /NXCOMPAT /IMPLIB:"D:\Рабочая\Универ\УП\task 5\Release\task 5.lib" /MACHINE:X86 Release\recorces.res
         Release\main.obj
         Создание кода
     1>d:\рабочая\универ\уп\task 5\task 5\main.cpp(36): warning C4715: fmin: значение возвращается не при всех путях выполнения
     1>d:\рабочая\универ\уп\task 5\task 5\main.cpp(260): warning C4715: DlgProc: значение возвращается не при всех путях выполнения
         Создание кода завершено
         task 5.vcxproj -> D:\Рабочая\Универ\УП\task 5\Release\task 5.exe
       Manifest:
         C:\Program Files (x86)\Microsoft SDKs\Windows\v7.0A\bin\mt.exe /nologo /verbose /outputresource:"D:\Рабочая\Универ\УП\task 5\Release\task 5.exe;#1" /manifest "Release\task 5.exe.intermediate.manifest"
       FinalizeBuildStatus:
         Файл "Release\task 5.unsuccessfulbuild" удаляется.
         Обращение к "Release\task 5.lastbuildstate".
     1>Построение проекта "d:\Рабочая\Универ\УП\task 5\task 5\task 5.vcxproj" завершено (целевые объекты build).

Построение успешно завершено.

Затраченное время: 00:00:03.59
