  stdafx.cpp
  Calculater.cpp
Calculater.cpp(196): warning C4996: 'wcscpy': This function or variable may be unsafe. Consider using wcscpy_s instead. To disable deprecation, use _CRT_SECURE_NO_WARNINGS. See online help for details.
  C:\Program Files (x86)\Windows Kits\10\Include\10.0.10240.0\ucrt\corecrt_wstring.h(121): note:  см. объявление "wcscpy"
Calculater.cpp(201): warning C4996: 'wcscpy': This function or variable may be unsafe. Consider using wcscpy_s instead. To disable deprecation, use _CRT_SECURE_NO_WARNINGS. See online help for details.
  C:\Program Files (x86)\Windows Kits\10\Include\10.0.10240.0\ucrt\corecrt_wstring.h(121): note:  см. объявление "wcscpy"
Calculater.cpp(290): warning C4018: <: несоответствие типов со знаком и без знака
Calculater.cpp(334): warning C4018: <: несоответствие типов со знаком и без знака
Calculater.cpp(344): warning C4996: 'mbstowcs': This function or variable may be unsafe. Consider using mbstowcs_s instead. To disable deprecation, use _CRT_SECURE_NO_WARNINGS. See online help for details.
  C:\Program Files (x86)\Windows Kits\10\Include\10.0.10240.0\ucrt\stdlib.h(920): note:  см. объявление "mbstowcs"
Calculater.cpp(349): warning C4996: 'sprintf': This function or variable may be unsafe. Consider using sprintf_s instead. To disable deprecation, use _CRT_SECURE_NO_WARNINGS. See online help for details.
  C:\Program Files (x86)\Windows Kits\10\Include\10.0.10240.0\ucrt\stdio.h(1769): note:  см. объявление "sprintf"
Calculater.cpp(351): warning C4996: 'mbstowcs': This function or variable may be unsafe. Consider using mbstowcs_s instead. To disable deprecation, use _CRT_SECURE_NO_WARNINGS. See online help for details.
  C:\Program Files (x86)\Windows Kits\10\Include\10.0.10240.0\ucrt\stdlib.h(920): note:  см. объявление "mbstowcs"
  Создание кода
  Создание кода завершено
  390 of 397 functions (98.2%) were compiled, the rest were copied from previous compilation.
    3 functions were new in current compilation
    0 functions had inline decision re-evaluated but remain unchanged
  Calculater.vcxproj -> E:\BSU\famci\UP\Task5\Andrey Bulak\Calculator\Release\Calculater.exe
  Calculater.vcxproj -> E:\BSU\famci\UP\Task5\Andrey Bulak\Calculator\Release\Calculater.pdb (Full PDB)
